<?xml version="1.0" encoding="UTF-8"?>
<robot generator="Robot 6.1.1 (Python 3.11.4 on win32)" generated="20230830 07:46:35.999" rpa="false" schemaversion="4">
<suite id="s1" name="AmostraVideos" source="C:\Users\log_f\OneDrive\Área de Trabalho\AmostraVideos">
<suite id="s1-s1" name="Videos" source="C:\Users\log_f\OneDrive\Área de Trabalho\AmostraVideos\Videos">
<suite id="s1-s1-s1" name="Youtube" source="C:\Users\log_f\OneDrive\Área de Trabalho\AmostraVideos\Videos\youtube">
<suite id="s1-s1-s1-s1" name="Cursoemvideo" source="C:\Users\log_f\OneDrive\Área de Trabalho\AmostraVideos\Videos\youtube\cursoemvideo.robot">
<test id="s1-s1-s1-s1-t1" name="Teste 01: Acessar canal Curso em Video" line="11">
<kw name="Acessar canal Curso em Video">
<kw name="Open Browser" library="SeleniumLibrary">
<arg>${URL}</arg>
<arg>${BROWSER}</arg>
<arg>options=add_experimental_option("detach", True)</arg>
<doc>Opens a new browser instance to the optional ``url``.</doc>
<msg timestamp="20230830 07:46:36.116" level="INFO">Opening browser 'Chrome' to base url 'https://www.youtube.com'.</msg>
<status status="PASS" starttime="20230830 07:46:36.116" endtime="20230830 07:46:41.109"/>
</kw>
<kw name="Maximize Browser Window" library="SeleniumLibrary">
<doc>Maximizes current browser window.</doc>
<status status="PASS" starttime="20230830 07:46:41.109" endtime="20230830 07:46:41.360"/>
</kw>
<kw name="Input Text" library="SeleniumLibrary">
<arg>${PESQUISAR}</arg>
<arg>Cursoemvideo</arg>
<doc>Types the given ``text`` into the text field identified by ``locator``.</doc>
<msg timestamp="20230830 07:46:41.361" level="INFO">Typing text 'Cursoemvideo' into text field '//input[contains(@autocapitalize,'none')]'.</msg>
<status status="PASS" starttime="20230830 07:46:41.360" endtime="20230830 07:46:41.645"/>
</kw>
<kw name="Click Button" library="SeleniumLibrary">
<arg>//button[@class='style-scope ytd-searchbox'][contains(.,'Pesquisar')]</arg>
<doc>Clicks the button identified by ``locator``.</doc>
<msg timestamp="20230830 07:46:41.646" level="INFO">Clicking button '//button[@class='style-scope ytd-searchbox'][contains(.,'Pesquisar')]'.</msg>
<status status="PASS" starttime="20230830 07:46:41.645" endtime="20230830 07:46:41.821"/>
</kw>
<kw name="Wait Until Element Is Visible" library="SeleniumLibrary">
<arg>//img[contains(@height,'136')]</arg>
<arg>timeout=5</arg>
<doc>Waits until the element ``locator`` is visible.</doc>
<status status="PASS" starttime="20230830 07:46:41.822" endtime="20230830 07:46:43.064"/>
</kw>
<kw name="Click Element" library="SeleniumLibrary">
<arg>//*[@id="avatar-section"]/a</arg>
<doc>Click the element identified by ``locator``.</doc>
<msg timestamp="20230830 07:46:43.065" level="INFO">Clicking element '//*[@id="avatar-section"]/a'.</msg>
<status status="PASS" starttime="20230830 07:46:43.064" endtime="20230830 07:46:43.248"/>
</kw>
<kw name="Wait Until Element Is Visible" library="SeleniumLibrary">
<arg>//*[@id="edit-banner-link"]</arg>
<arg>timeout=10</arg>
<doc>Waits until the element ``locator`` is visible.</doc>
<status status="PASS" starttime="20230830 07:46:43.248" endtime="20230830 07:46:44.130"/>
</kw>
<status status="PASS" starttime="20230830 07:46:36.115" endtime="20230830 07:46:44.130"/>
</kw>
<status status="PASS" starttime="20230830 07:46:36.115" endtime="20230830 07:46:44.131"/>
</test>
<status status="PASS" starttime="20230830 07:46:36.025" endtime="20230830 07:46:44.133"/>
</suite>
<status status="PASS" starttime="20230830 07:46:36.023" endtime="20230830 07:46:44.136"/>
</suite>
<status status="PASS" starttime="20230830 07:46:36.018" endtime="20230830 07:46:44.138"/>
</suite>
<status status="PASS" starttime="20230830 07:46:36.002" endtime="20230830 07:46:44.140"/>
</suite>
<statistics>
<total>
<stat pass="1" fail="0" skip="0">All Tests</stat>
</total>
<tag>
</tag>
<suite>
<stat pass="1" fail="0" skip="0" id="s1" name="AmostraVideos">AmostraVideos</stat>
<stat pass="1" fail="0" skip="0" id="s1-s1" name="Videos">AmostraVideos.Videos</stat>
<stat pass="1" fail="0" skip="0" id="s1-s1-s1" name="Youtube">AmostraVideos.Videos.Youtube</stat>
<stat pass="1" fail="0" skip="0" id="s1-s1-s1-s1" name="Cursoemvideo">AmostraVideos.Videos.Youtube.Cursoemvideo</stat>
</suite>
</statistics>
<errors>
</errors>
</robot>
